[debug] [2022-03-04T03:26:03.571Z] ----------------------------------------------------------------------
[debug] [2022-03-04T03:26:03.580Z] Command:       C:\Program Files\nodejs\node.exe C:\Users\renat\AppData\Roaming\npm\node_modules\firebase-tools\lib\bin\firebase.js init
[debug] [2022-03-04T03:26:03.582Z] CLI Version:   10.2.2
[debug] [2022-03-04T03:26:03.583Z] Platform:      win32
[debug] [2022-03-04T03:26:03.583Z] Node Version:  v16.13.1
[debug] [2022-03-04T03:26:03.585Z] Time:          Fri Mar 04 2022 00:26:03 GMT-0300 (Horário Padrão de Brasília)
[debug] [2022-03-04T03:26:03.586Z] ----------------------------------------------------------------------
[debug] 
[debug] [2022-03-04T03:26:03.613Z] > command requires scopes: ["email","openid","https://www.googleapis.com/auth/cloudplatformprojects.readonly","https://www.googleapis.com/auth/firebase","https://www.googleapis.com/auth/cloud-platform"]
[debug] [2022-03-04T03:26:03.613Z] > authorizing via signed-in user (renatospprestes@gmail.com)
[info] 
     ######## #### ########  ######## ########     ###     ######  ########
     ##        ##  ##     ## ##       ##     ##  ##   ##  ##       ##
     ######    ##  ########  ######   ########  #########  ######  ######
     ##        ##  ##    ##  ##       ##     ## ##     ##       ## ##
     ##       #### ##     ## ######## ########  ##     ##  ######  ########

You're about to initialize a Firebase project in this directory:

  C:\projeto-vue3

Before we get started, keep in mind:

  * You are currently outside your home directory

[info] 
=== Project Setup
[info] 
[info] First, let's associate this project directory with a Firebase project.
[info] You can create multiple project aliases by running firebase use --add, 
[info] but for now we'll just set up a default project.
[info] 
